<?xml version="1.0" encoding="UTF-8"?>
<!-- Generated by org.testng.reporters.JUnitXMLReporter -->
<testsuite ignored="0" hostname="DESKTOP-R3B08NO" failures="0" tests="5" name="Test" time="144.786" errors="0" timestamp="2020-08-22T18:39:04 IST">
  <testcase classname="Test.CrossAssyst" name="createAccount" time="19.112"/>
  <testcase classname="Test.CrossAssyst" name="login" time="4.679"/>
  <testcase classname="Test.CrossAssyst" name="placingOrder" time="10.414"/>
  <testcase classname="Test.CrossAssyst" name="checkout" time="15.96"/>
  <testcase classname="Test.CrossAssyst" name="verify" time="7.053"/>
</testsuite> <!-- Test -->
